\BOOKMARK [1][-]{section.1}{\376\377\000P\000r\000e\000a\000m\000b\000l\000e}{}% 1
\BOOKMARK [1][-]{section.2}{\376\377\000I\000n\000t\000r\000o\000d\000u\000c\000t\000i\000o\000n}{}% 2
\BOOKMARK [1][-]{section.3}{\376\377\000F\000u\000n\000c\000t\000i\000o\000n\000a\000l\000\040\000R\000e\000q\000u\000i\000r\000e\000m\000e\000n\000t\000s}{}% 3
\BOOKMARK [2][-]{subsection.3.1}{\376\377\000U\000s\000e\000r\000\040\000a\000u\000t\000h\000e\000n\000t\000i\000c\000a\000t\000i\000o\000n}{section.3}% 4
\BOOKMARK [3][-]{subsubsection.3.1.1}{\376\377\000U\000s\000e\000r\000\040\000r\000e\000g\000i\000s\000t\000r\000a\000t\000i\000o\000n}{subsection.3.1}% 5
\BOOKMARK [3][-]{subsubsection.3.1.2}{\376\377\000U\000s\000e\000r\000\040\000l\000o\000g\000i\000n}{subsection.3.1}% 6
\BOOKMARK [2][-]{subsection.3.2}{\376\377\000S\000u\000b\000m\000i\000s\000s\000i\000o\000n\000\040\000o\000f\000\040\000w\000o\000r\000k}{section.3}% 7
\BOOKMARK [2][-]{subsection.3.3}{\376\377\000S\000t\000o\000r\000i\000n\000g\000\040\000o\000f\000\040\000w\000o\000r\000k}{section.3}% 8
\BOOKMARK [3][-]{subsubsection.3.3.1}{\376\377\000O\000n\000l\000i\000n\000e\000\040\000s\000t\000o\000r\000i\000n\000g}{subsection.3.3}% 9
\BOOKMARK [3][-]{subsubsection.3.3.2}{\376\377\000O\000f\000f\000l\000i\000n\000e\000\040\000s\000t\000o\000r\000i\000n\000g\000\040\000a\000n\000d\000\040\000b\000a\000c\000k\000u\000p\000s}{subsection.3.3}% 10
\BOOKMARK [2][-]{subsection.3.4}{\376\377\000E\000v\000a\000l\000u\000a\000t\000i\000o\000n\000\040\000o\000f\000\040\000W\000o\000r\000k}{section.3}% 11
\BOOKMARK [2][-]{subsection.3.5}{\376\377\000N\000o\000t\000i\000f\000i\000c\000a\000t\000i\000o\000n\000s}{section.3}% 12
\BOOKMARK [3][-]{subsubsection.3.5.1}{\376\377\000N\000o\000t\000i\000f\000i\000c\000a\000t\000i\000o\000n\000s\000\040\000f\000o\000r\000\040\000s\000t\000u\000d\000e\000n\000t\000s}{subsection.3.5}% 13
\BOOKMARK [3][-]{subsubsection.3.5.2}{\376\377\000N\000o\000t\000i\000f\000i\000c\000a\000t\000i\000o\000n\000s\000\040\000f\000o\000r\000\040\000p\000r\000o\000f\000e\000s\000s\000o\000r\000s}{subsection.3.5}% 14
\BOOKMARK [1][-]{section.4}{\376\377\000N\000o\000n\000-\000F\000u\000n\000c\000t\000i\000o\000n\000a\000l\000\040\000R\000e\000q\000u\000i\000r\000e\000m\000e\000n\000t\000s}{}% 15
\BOOKMARK [2][-]{subsection.4.1}{\376\377\000P\000e\000r\000f\000o\000r\000m\000a\000n\000c\000e}{section.4}% 16
\BOOKMARK [2][-]{subsection.4.2}{\376\377\000S\000e\000c\000u\000r\000i\000t\000y}{section.4}% 17
\BOOKMARK [2][-]{subsection.4.3}{\376\377\000U\000s\000a\000b\000i\000l\000i\000t\000y}{section.4}% 18
\BOOKMARK [3][-]{subsubsection.4.3.1}{\376\377\000I\000n\000t\000e\000r\000a\000\347\000\343\000o\000\040\000g\000r\000\341\000f\000i\000c\000a}{subsection.4.3}% 19
\BOOKMARK [3][-]{subsubsection.4.3.2}{\376\377\000I\000n\000t\000e\000r\000a\000\347\000\343\000o\000\040\000p\000o\000r\000\040\000l\000i\000n\000h\000a\000\040\000d\000e\000\040\000c\000o\000m\000a\000n\000d\000o\000s}{subsection.4.3}% 20
\BOOKMARK [2][-]{subsection.4.4}{\376\377\000S\000c\000a\000l\000a\000b\000i\000l\000i\000t\000y}{section.4}% 21
\BOOKMARK [2][-]{subsection.4.5}{\376\377\000S\000t\000a\000b\000i\000l\000i\000t\000y}{section.4}% 22
\BOOKMARK [2][-]{subsection.4.6}{\376\377\000N\000o\000t\000i\000f\000i\000c\000a\000t\000i\000o\000n\000\040\000D\000e\000l\000i\000v\000e\000r\000y}{section.4}% 23
